E:\OOP\QUảN Lí SáCH THư VIệN\DEBUG\QUảN Lí SáCH THư VIệN.EXE
E:\OOP\QUảN Lí SáCH THư VIệN\DEBUG\QUảN Lí SáCH THư VIệN.ILK
E:\OOP\QUẢN LÍ SÁCH THƯ VIỆN\DEBUG\QUẢN LÍ SÁCH THƯ VIỆN.PDB
E:\OOP\QUảN Lí SáCH THư VIệN\QUảN Lí SáCH THư VIệN\DEBUG\BT1.OBJ
E:\OOP\Quản lí sách thư viện\Quản lí sách thư viện\Debug\cl.command.1.tlog
E:\OOP\Quản lí sách thư viện\Quản lí sách thư viện\Debug\CL.read.1.tlog
E:\OOP\Quản lí sách thư viện\Quản lí sách thư viện\Debug\CL.write.1.tlog
E:\OOP\Quản lí sách thư viện\Quản lí sách thư viện\Debug\link.3212.read.1.tlog
E:\OOP\Quản lí sách thư viện\Quản lí sách thư viện\Debug\link.3212.write.1.tlog
E:\OOP\Quản lí sách thư viện\Quản lí sách thư viện\Debug\link.3212-cvtres.read.1.tlog
E:\OOP\Quản lí sách thư viện\Quản lí sách thư viện\Debug\link.3212-cvtres.write.1.tlog
E:\OOP\Quản lí sách thư viện\Quản lí sách thư viện\Debug\link.command.1.tlog
E:\OOP\Quản lí sách thư viện\Quản lí sách thư viện\Debug\link.read.1.tlog
E:\OOP\Quản lí sách thư viện\Quản lí sách thư viện\Debug\link.write.1.tlog
E:\OOP\Quản lí sách thư viện\Quản lí sách thư viện\Debug\link-cvtres.read.1.tlog
E:\OOP\Quản lí sách thư viện\Quản lí sách thư viện\Debug\link-cvtres.write.1.tlog
E:\OOP\Quản lí sách thư viện\Quản lí sách thư viện\Debug\mt.command.1.tlog
E:\OOP\Quản lí sách thư viện\Quản lí sách thư viện\Debug\mt.read.1.tlog
E:\OOP\Quản lí sách thư viện\Quản lí sách thư viện\Debug\mt.write.1.tlog
E:\OOP\QUảN Lí SáCH THư VIệN\QUảN Lí SáCH THư VIệN\DEBUG\QUảN Lí SáCH THư VIệN.EXE.EMBED.MANIFEST
E:\OOP\QUảN Lí SáCH THư VIệN\QUảN Lí SáCH THư VIệN\DEBUG\QUảN Lí SáCH THư VIệN.EXE.EMBED.MANIFEST.RES
E:\OOP\QUảN Lí SáCH THư VIệN\QUảN Lí SáCH THư VIệN\DEBUG\QUảN Lí SáCH THư VIệN.EXE.INTERMEDIATE.MANIFEST
E:\OOP\Quản lí sách thư viện\Quản lí sách thư viện\Debug\Quản lí sách thư viện_manifest.rc
E:\OOP\Quản lí sách thư viện\Quản lí sách thư viện\Debug\rc.command.1.tlog
E:\OOP\Quản lí sách thư viện\Quản lí sách thư viện\Debug\rc.read.1.tlog
E:\OOP\Quản lí sách thư viện\Quản lí sách thư viện\Debug\rc.write.1.tlog
E:\OOP\Quản lí sách thư viện\Quản lí sách thư viện\Debug\vc100.idb
E:\OOP\QUẢN LÍ SÁCH THƯ VIỆN\QUẢN LÍ SÁCH THƯ VIỆN\DEBUG\VC100.PDB
