Build started 01/08/2014 9:27:40 PM.
     1>Project "F:\SVN\1\Tien\VS_OOP\struct\struct.vcxproj" on node 2 (build target(s)).
     1>InitializeBuildStatus:
         Creating "Debug\struct.unsuccessfulbuild" because "AlwaysCreate" was specified.
       ClCompile:
         C:\Program Files (x86)\Microsoft Visual Studio 10.0\VC\bin\CL.exe /c /ZI /nologo /W3 /WX- /Od /Oy- /D WIN32 /D _DEBUG /D _CONSOLE /D _UNICODE /D UNICODE /Gm /EHsc /RTC1 /MDd /GS /fp:precise /Zc:wchar_t /Zc:forScope /Fo"Debug\\" /Fd"Debug\vc100.pdb" /Gd /TP /analyze- /errorReport:prompt struct.cpp
         struct.cpp
       ManifestResourceCompile:
         All outputs are up-to-date.
       Link:
         C:\Program Files (x86)\Microsoft Visual Studio 10.0\VC\bin\link.exe /ERRORREPORT:PROMPT /OUT:"F:\SVN\1\Tien\VS_OOP\Debug\struct.exe" /INCREMENTAL /NOLOGO kernel32.lib user32.lib gdi32.lib winspool.lib comdlg32.lib advapi32.lib shell32.lib ole32.lib oleaut32.lib uuid.lib odbc32.lib odbccp32.lib /MANIFEST /ManifestFile:"Debug\struct.exe.intermediate.manifest" /MANIFESTUAC:"level='asInvoker' uiAccess='false'" /DEBUG /PDB:"F:\SVN\1\Tien\VS_OOP\Debug\struct.pdb" /SUBSYSTEM:CONSOLE /TLBID:1 /DYNAMICBASE /NXCOMPAT /IMPLIB:"F:\SVN\1\Tien\VS_OOP\Debug\struct.lib" /MACHINE:X86 Debug\struct.exe.embed.manifest.res
         Debug\struct.obj
       Manifest:
         C:\Program Files (x86)\Microsoft SDKs\Windows\v7.0A\bin\mt.exe /nologo /verbose /out:"Debug\struct.exe.embed.manifest" /manifest Debug\struct.exe.intermediate.manifest
         All outputs are up-to-date.
       LinkEmbedManifest:
         All outputs are up-to-date.
         struct.vcxproj -> F:\SVN\1\Tien\VS_OOP\Debug\struct.exe
       FinalizeBuildStatus:
         Deleting file "Debug\struct.unsuccessfulbuild".
         Touching "Debug\struct.lastbuildstate".
     1>Done Building Project "F:\SVN\1\Tien\VS_OOP\struct\struct.vcxproj" (build target(s)).

Build succeeded.

Time Elapsed 00:00:04.33
