Build started 21-08-14 5:27:46 PM.
     1>Project "E:\OOP\DSLK đơn - oop\DSLK đơn - oop\DSLK đơn - oop.vcxproj" on node 2 (build target(s)).
     1>PrepareForBuild:
         Creating directory "E:\OOP\DSLK đơn - oop\Debug\".
       InitializeBuildStatus:
         Creating "Debug\DSLK đơn - oop.unsuccessfulbuild" because "AlwaysCreate" was specified.
       ClCompile:
         C:\Program Files (x86)\Microsoft Visual Studio 10.0\VC\bin\CL.exe /c /ZI /nologo /W3 /WX- /Od /Oy- /D WIN32 /D _DEBUG /D _CONSOLE /D _UNICODE /D UNICODE /Gm /EHsc /RTC1 /MDd /GS /fp:precise /Zc:wchar_t /Zc:forScope /Fo"Debug\\" /Fd"Debug\vc100.pdb" /Gd /TP /analyze- /errorReport:prompt main.cpp
         main.cpp
       ManifestResourceCompile:
         C:\Program Files (x86)\Microsoft SDKs\Windows\v7.0A\bin\rc.exe /nologo /fo"Debug\DSLK đơn - oop.exe.embed.manifest.res" "Debug\DSLK đơn - oop_manifest.rc" 
       Link:
         C:\Program Files (x86)\Microsoft Visual Studio 10.0\VC\bin\link.exe /ERRORREPORT:PROMPT /OUT:"E:\OOP\DSLK đơn - oop\Debug\DSLK đơn - oop.exe" /INCREMENTAL /NOLOGO kernel32.lib user32.lib gdi32.lib winspool.lib comdlg32.lib advapi32.lib shell32.lib ole32.lib oleaut32.lib uuid.lib odbc32.lib odbccp32.lib /MANIFEST /ManifestFile:"Debug\DSLK đơn - oop.exe.intermediate.manifest" /MANIFESTUAC:"level='asInvoker' uiAccess='false'" /DEBUG /PDB:"E:\OOP\DSLK đơn - oop\Debug\DSLK đơn - oop.pdb" /SUBSYSTEM:CONSOLE /TLBID:1 /DYNAMICBASE /NXCOMPAT /IMPLIB:"E:\OOP\DSLK đơn - oop\Debug\DSLK đơn - oop.lib" /MACHINE:X86 "Debug\DSLK đơn - oop.exe.embed.manifest.res"
         Debug\main.obj
       Manifest:
         C:\Program Files (x86)\Microsoft SDKs\Windows\v7.0A\bin\mt.exe /nologo /verbose /out:"Debug\DSLK đơn - oop.exe.embed.manifest" /manifest "Debug\DSLK đơn - oop.exe.intermediate.manifest"
         C:\Program Files (x86)\Microsoft SDKs\Windows\v7.0A\bin\rc.exe /nologo /fo"Debug\DSLK đơn - oop.exe.embed.manifest.res" "Debug\DSLK đơn - oop_manifest.rc" 
       LinkEmbedManifest:
         C:\Program Files (x86)\Microsoft Visual Studio 10.0\VC\bin\link.exe /ERRORREPORT:PROMPT /OUT:"E:\OOP\DSLK đơn - oop\Debug\DSLK đơn - oop.exe" /INCREMENTAL /NOLOGO kernel32.lib user32.lib gdi32.lib winspool.lib comdlg32.lib advapi32.lib shell32.lib ole32.lib oleaut32.lib uuid.lib odbc32.lib odbccp32.lib /MANIFEST /ManifestFile:"Debug\DSLK đơn - oop.exe.intermediate.manifest" /MANIFESTUAC:"level='asInvoker' uiAccess='false'" /DEBUG /PDB:"E:\OOP\DSLK đơn - oop\Debug\DSLK đơn - oop.pdb" /SUBSYSTEM:CONSOLE /TLBID:1 /DYNAMICBASE /NXCOMPAT /IMPLIB:"E:\OOP\DSLK đơn - oop\Debug\DSLK đơn - oop.lib" /MACHINE:X86 "Debug\DSLK đơn - oop.exe.embed.manifest.res"
         Debug\main.obj
         DSLK đơn - oop.vcxproj -> E:\OOP\DSLK đơn - oop\Debug\DSLK đơn - oop.exe
       FinalizeBuildStatus:
         Deleting file "Debug\DSLK đơn - oop.unsuccessfulbuild".
         Touching "Debug\DSLK đơn - oop.lastbuildstate".
     1>Done Building Project "E:\OOP\DSLK đơn - oop\DSLK đơn - oop\DSLK đơn - oop.vcxproj" (build target(s)).

Build succeeded.

Time Elapsed 00:00:04.00
