D:\CODE OOP\QUAN LY\DEBUG\QUAN LY.EXE
D:\CODE OOP\QUAN LY\DEBUG\QUAN LY.ILK
D:\CODE OOP\QUAN LY\DEBUG\QUAN LY.PDB
D:\CODE OOP\QUAN LY\QUAN LY\DEBUG\1.OBJ
D:\CODE OOP\quan ly\quan ly\Debug\cl.command.1.tlog
D:\CODE OOP\quan ly\quan ly\Debug\CL.read.1.tlog
D:\CODE OOP\quan ly\quan ly\Debug\CL.write.1.tlog
D:\CODE OOP\quan ly\quan ly\Debug\link.4540.read.1.tlog
D:\CODE OOP\quan ly\quan ly\Debug\link.4540.write.1.tlog
D:\CODE OOP\quan ly\quan ly\Debug\link.4540-cvtres.read.1.tlog
D:\CODE OOP\quan ly\quan ly\Debug\link.4540-cvtres.write.1.tlog
D:\CODE OOP\quan ly\quan ly\Debug\link.command.1.tlog
D:\CODE OOP\quan ly\quan ly\Debug\link.read.1.tlog
D:\CODE OOP\quan ly\quan ly\Debug\link.write.1.tlog
D:\CODE OOP\quan ly\quan ly\Debug\link-cvtres.read.1.tlog
D:\CODE OOP\quan ly\quan ly\Debug\link-cvtres.write.1.tlog
D:\CODE OOP\quan ly\quan ly\Debug\mt.command.1.tlog
D:\CODE OOP\quan ly\quan ly\Debug\mt.read.1.tlog
D:\CODE OOP\quan ly\quan ly\Debug\mt.write.1.tlog
D:\CODE OOP\QUAN LY\QUAN LY\DEBUG\QUAN LY.EXE.EMBED.MANIFEST
D:\CODE OOP\QUAN LY\QUAN LY\DEBUG\QUAN LY.EXE.EMBED.MANIFEST.RES
D:\CODE OOP\QUAN LY\QUAN LY\DEBUG\QUAN LY.EXE.INTERMEDIATE.MANIFEST
D:\CODE OOP\quan ly\quan ly\Debug\quan ly_manifest.rc
D:\CODE OOP\quan ly\quan ly\Debug\rc.command.1.tlog
D:\CODE OOP\quan ly\quan ly\Debug\rc.read.1.tlog
D:\CODE OOP\quan ly\quan ly\Debug\rc.write.1.tlog
D:\CODE OOP\QUAN LY\QUAN LY\DEBUG\SACH.OBJ
D:\CODE OOP\quan ly\quan ly\Debug\vc100.idb
D:\CODE OOP\QUAN LY\QUAN LY\DEBUG\VC100.PDB
