Build started 02/08/2014 9:44:22 AM.
     1>Project "F:\SVN\1\Tien\Phan_So\Phan_So\Phan_So.vcxproj" on node 2 (build target(s)).
     1>InitializeBuildStatus:
         Creating "Debug\Phan_So.unsuccessfulbuild" because "AlwaysCreate" was specified.
       ClCompile:
         C:\Program Files (x86)\Microsoft Visual Studio 10.0\VC\bin\CL.exe /c /ZI /nologo /W3 /WX- /Od /Oy- /D WIN32 /D _DEBUG /D _CONSOLE /D _UNICODE /D UNICODE /Gm /EHsc /RTC1 /MDd /GS /fp:precise /Zc:wchar_t /Zc:forScope /Fo"Debug\\" /Fd"Debug\vc100.pdb" /Gd /TP /analyze- /errorReport:prompt "tinh toan.cpp"
         tinh toan.cpp
       ManifestResourceCompile:
         All outputs are up-to-date.
       Link:
         C:\Program Files (x86)\Microsoft Visual Studio 10.0\VC\bin\link.exe /ERRORREPORT:PROMPT /OUT:"F:\SVN\1\Tien\Phan_So\Debug\Phan_So.exe" /INCREMENTAL /NOLOGO kernel32.lib user32.lib gdi32.lib winspool.lib comdlg32.lib advapi32.lib shell32.lib ole32.lib oleaut32.lib uuid.lib odbc32.lib odbccp32.lib /MANIFEST /ManifestFile:"Debug\Phan_So.exe.intermediate.manifest" /MANIFESTUAC:"level='asInvoker' uiAccess='false'" /DEBUG /PDB:"F:\SVN\1\Tien\Phan_So\Debug\Phan_So.pdb" /SUBSYSTEM:CONSOLE /TLBID:1 /DYNAMICBASE /NXCOMPAT /IMPLIB:"F:\SVN\1\Tien\Phan_So\Debug\Phan_So.lib" /MACHINE:X86 Debug\Phan_So.exe.embed.manifest.res
         "Debug\tinh toan.obj"
       Manifest:
         C:\Program Files (x86)\Microsoft SDKs\Windows\v7.0A\bin\mt.exe /nologo /verbose /out:"Debug\Phan_So.exe.embed.manifest" /manifest Debug\Phan_So.exe.intermediate.manifest
         All outputs are up-to-date.
       LinkEmbedManifest:
         All outputs are up-to-date.
         Phan_So.vcxproj -> F:\SVN\1\Tien\Phan_So\Debug\Phan_So.exe
       FinalizeBuildStatus:
         Deleting file "Debug\Phan_So.unsuccessfulbuild".
         Touching "Debug\Phan_So.lastbuildstate".
     1>Done Building Project "F:\SVN\1\Tien\Phan_So\Phan_So\Phan_So.vcxproj" (build target(s)).

Build succeeded.

Time Elapsed 00:00:02.15
