Build started 18/08/2014 10:38:32.
     1>Project "D:\CODE OOP\quan ly\quan ly\quan ly.vcxproj" on node 2 (build target(s)).
     1>InitializeBuildStatus:
         Creating "Debug\quan ly.unsuccessfulbuild" because "AlwaysCreate" was specified.
       ClCompile:
         C:\Program Files (x86)\Microsoft Visual Studio 10.0\VC\bin\CL.exe /c /ZI /nologo /W3 /WX- /Od /Oy- /D WIN32 /D _DEBUG /D _CONSOLE /D _UNICODE /D UNICODE /Gm /EHsc /RTC1 /MDd /GS /fp:precise /Zc:wchar_t /Zc:forScope /Fo"Debug\\" /Fd"Debug\vc100.pdb" /Gd /TP /analyze- /errorReport:prompt 1.cpp Qly_phieumuon.cpp docgia.cpp qlydocgia.cpp
         1.cpp
         Generating Code...
         Compiling...
         qlydocgia.cpp
     1>d:\code oop\quan ly\quan ly\qlydocgia.cpp(5): warning C4018: '<' : signed/unsigned mismatch
     1>d:\code oop\quan ly\quan ly\qlydocgia.cpp(12): warning C4018: '<' : signed/unsigned mismatch
     1>d:\code oop\quan ly\quan ly\qlydocgia.cpp(20): warning C4154: deletion of an array expression; conversion to pointer supplied
     1>d:\code oop\quan ly\quan ly\qlydocgia.cpp(29): warning C4018: '<' : signed/unsigned mismatch
         docgia.cpp
     1>d:\code oop\quan ly\quan ly\docgia.cpp(10): warning C4482: nonstandard extension used: enum 'eLoaiDocGia' used in qualified name
     1>d:\code oop\quan ly\quan ly\docgia.cpp(11): warning C4482: nonstandard extension used: enum 'eLoaiDocGia' used in qualified name
     1>d:\code oop\quan ly\quan ly\docgia.cpp(12): warning C4482: nonstandard extension used: enum 'eLoaiDocGia' used in qualified name
         Generating Code...
         Compiling...
         Qly_phieumuon.cpp
     1>d:\code oop\quan ly\quan ly\qly_phieumuon.cpp(19): warning C4154: deletion of an array expression; conversion to pointer supplied
         Generating Code...
       ManifestResourceCompile:
         All outputs are up-to-date.
       Link:
         C:\Program Files (x86)\Microsoft Visual Studio 10.0\VC\bin\link.exe /ERRORREPORT:PROMPT /OUT:"D:\CODE OOP\quan ly\Debug\quan ly.exe" /INCREMENTAL /NOLOGO kernel32.lib user32.lib gdi32.lib winspool.lib comdlg32.lib advapi32.lib shell32.lib ole32.lib oleaut32.lib uuid.lib odbc32.lib odbccp32.lib /MANIFEST /ManifestFile:"Debug\quan ly.exe.intermediate.manifest" /MANIFESTUAC:"level='asInvoker' uiAccess='false'" /DEBUG /PDB:"D:\CODE OOP\quan ly\Debug\quan ly.pdb" /SUBSYSTEM:CONSOLE /TLBID:1 /DYNAMICBASE /NXCOMPAT /IMPLIB:"D:\CODE OOP\quan ly\Debug\quan ly.lib" /MACHINE:X86 "Debug\quan ly.exe.embed.manifest.res"
         Debug\1.obj
         Debug\docgia.obj
         Debug\phieumuon.obj
         Debug\qlydocgia.obj
         Debug\qlysach.obj
         Debug\Qly_phieumuon.obj
         Debug\sach.obj
         Debug\sachGk.obj
         Debug\sachGt.obj
       Manifest:
         C:\Program Files (x86)\Microsoft SDKs\Windows\v7.0A\bin\mt.exe /nologo /verbose /out:"Debug\quan ly.exe.embed.manifest" /manifest "Debug\quan ly.exe.intermediate.manifest"
         All outputs are up-to-date.
       LinkEmbedManifest:
         All outputs are up-to-date.
         quan ly.vcxproj -> D:\CODE OOP\quan ly\Debug\quan ly.exe
       FinalizeBuildStatus:
         Deleting file "Debug\quan ly.unsuccessfulbuild".
         Touching "Debug\quan ly.lastbuildstate".
     1>Done Building Project "D:\CODE OOP\quan ly\quan ly\quan ly.vcxproj" (build target(s)).

Build succeeded.

Time Elapsed 00:00:02.61
